<?xml version="1.0" encoding="UTF-8"?>
<!-- Generated by org.testng.reporters.JUnitXMLReporter -->
<testsuite ignored="0" hostname="LAPTOP-D48UAL4I" failures="1" tests="2" name="Error Validations Test" time="14.989" errors="0" timestamp="2025-05-20T16:31:32 IST">
  <testcase classname="ECommerceapplication.E2EEcommerceApplication.ErrorValidationsTest" name="loginErrorValidation" time="1.98">
    <failure type="java.lang.AssertionError" message="expected [Incorrect1 email or password.] but found [Incorrect email or password.]">
      <![CDATA[java.lang.AssertionError: expected [Incorrect1 email or password.] but found [Incorrect email or password.]
at ECommerceapplication.E2EEcommerceApplication.ErrorValidationsTest.loginErrorValidation(ErrorValidationsTest.java:34)
at java.base/java.util.ArrayList.forEach(ArrayList.java:1597)
... Removed 31 stack frames]]>
    </failure>
  </testcase> <!-- loginErrorValidation -->
  <testcase classname="ECommerceapplication.E2EEcommerceApplication.ErrorValidationsTest" name="productErrorValidation" time="3.335"/>
</testsuite> <!-- Error Validations Test -->
