<?xml version="1.0" encoding="UTF-8"?>
<!-- Generated by org.testng.reporters.JUnitXMLReporter -->
<testsuite ignored="0" hostname="LAPTOP-D48UAL4I" failures="0" tests="3" name="Submit Order Test" time="19.152" errors="0" timestamp="2025-05-15T19:51:10 IST">
  <testcase classname="ECommerceapplication.E2EEcommerceApplication.SubmitOrderTest" name="submitOrder" time="3.619"/>
  <testcase classname="ECommerceapplication.E2EEcommerceApplication.SubmitOrderTest" name="submitOrder" time="3.807"/>
  <testcase classname="ECommerceapplication.E2EEcommerceApplication.SubmitOrderTest" name="orderHistoryTest" time="1.089"/>
</testsuite> <!-- Submit Order Test -->
