-------------------------------------------------------------------------------
Test set: TestSuite
-------------------------------------------------------------------------------
Tests run: 7, Failures: 1, Errors: 0, Skipped: 0, Time elapsed: 31.963 s <<< FAILURE! - in TestSuite
ECommerceapplication.E2EEcommerceApplication.ErrorValidationsTest.loginErrorValidation  Time elapsed: 0.999 s  <<< FAILURE!
java.lang.AssertionError: expected [Incorrect1 email or password.] but found [Incorrect email or password.]
	at ECommerceapplication.E2EEcommerceApplication.ErrorValidationsTest.loginErrorValidation(ErrorValidationsTest.java:34)

